2024-04-20 13:11:07,077 - INFO - Preparing Emails
2024-04-20 13:11:07,078 - INFO - Sent email to alice@example.com
2024-04-20 13:11:07,078 - INFO - Sent email to bob@example.com
2024-04-20 13:11:07,078 - INFO - Sent email to jonathan@example.com
2024-04-20 13:11:07,078 - INFO - Sent email to jameroqui@example.com
2024-04-20 13:11:07,078 - INFO - Sent email to eva@example.com
2024-04-20 13:11:07,078 - INFO - Sent email to michael@example.com
2024-04-20 13:11:07,078 - INFO - Sent email to sophia@example.com
2024-04-20 13:11:07,078 - INFO - Sent email to daniel@example.com
2024-04-20 13:11:07,078 - INFO - Sent email to emma@example.com
2024-04-20 13:11:07,078 - INFO - Sent email to liam@example.com
2024-04-20 13:11:07,078 - INFO - Sent email to olivia@example.com
2024-04-20 13:11:07,078 - INFO - Sent email to noah@example.com
2024-04-20 13:11:07,078 - INFO - Sent email to isabella@example.com
2024-04-20 13:11:07,078 - INFO - Sent email to william@example.com
2024-04-20 13:11:07,078 - INFO - Sent email to ava@example.com
2024-04-20 13:11:07,078 - INFO - Sent email to james@example.com
2024-04-20 13:11:07,078 - INFO - Sent email to charlotte@example.com
2024-04-20 13:11:07,078 - INFO - Sent email to benjamin@example.com
2024-04-20 13:11:07,078 - INFO - Sent email to amelia@example.com
2024-04-20 13:11:07,078 - INFO - Done Sending emails
